[0m12:06:11.104631 [debug] [MainThread]: Sending event: {'category': 'dbt', 'action': 'invocation', 'label': 'start', 'context': [<snowplow_tracker.self_describing_json.SelfDescribingJson object at 0x0000018720E9F710>, <snowplow_tracker.self_describing_json.SelfDescribingJson object at 0x0000018720E9E990>, <snowplow_tracker.self_describing_json.SelfDescribingJson object at 0x000001871DC300D0>]}


============================== 12:06:11.104631 | 89f2698d-b98d-4fd7-b17e-3c0d008caaf2 ==============================
[0m12:06:11.104631 [info ] [MainThread]: Running with dbt=1.11.2
[0m12:06:11.104631 [debug] [MainThread]: running dbt with arguments {'static_parser': 'True', 'no_print': 'None', 'version_check': 'True', 'target_path': 'None', 'warn_error_options': 'WarnErrorOptionsV2(error=[], warn=[], silence=[])', 'printer_width': '80', 'write_json': 'True', 'empty': 'None', 'log_cache_events': 'False', 'introspect': 'True', 'cache_selected_only': 'False', 'log_format': 'default', 'debug': 'False', 'fail_fast': 'False', 'profiles_dir': 'C:\\Users\\vishn\\.dbt', 'send_anonymous_usage_stats': 'True', 'quiet': 'False', 'warn_error': 'None', 'partial_parse': 'True', 'invocation_command': 'dbt init --skip-profile-setup airbnb', 'use_colors': 'True', 'indirect_selection': 'eager', 'use_experimental_parser': 'False', 'log_path': 'logs'}
[0m12:06:11.921968 [info ] [MainThread]: Creating dbt configuration folder at C:\Users\vishn\.dbt
[0m12:06:11.934192 [debug] [MainThread]: Starter project path: D:\Airbnb_DBT\course\.venv\Lib\site-packages\dbt\include\starter_project
[0m12:06:11.989649 [info ] [MainThread]: 
Your new dbt project "airbnb" was created!

For more information on how to configure the profiles.yml file,
please consult the dbt documentation here:

  https://docs.getdbt.com/docs/configure-your-profile

One more thing:

Need help? Don't hesitate to reach out to us via GitHub issues or on Slack:

  https://community.getdbt.com/

Happy modeling!

[0m12:06:11.991655 [debug] [MainThread]: Command `dbt init` succeeded at 12:06:11.991655 after 1.02 seconds
[0m12:06:11.992655 [debug] [MainThread]: Sending event: {'category': 'dbt', 'action': 'invocation', 'label': 'end', 'context': [<snowplow_tracker.self_describing_json.SelfDescribingJson object at 0x000001871FFEA590>, <snowplow_tracker.self_describing_json.SelfDescribingJson object at 0x000001871A454790>, <snowplow_tracker.self_describing_json.SelfDescribingJson object at 0x0000018720F2BE10>]}
[0m12:06:11.992655 [debug] [MainThread]: Flushing usage events
[0m12:06:12.522373 [debug] [MainThread]: An error was encountered while trying to flush usage events
[0m12:07:58.317271 [debug] [MainThread]: Sending event: {'category': 'dbt', 'action': 'invocation', 'label': 'start', 'context': [<snowplow_tracker.self_describing_json.SelfDescribingJson object at 0x00000202C26B4090>, <snowplow_tracker.self_describing_json.SelfDescribingJson object at 0x00000202C2733BD0>, <snowplow_tracker.self_describing_json.SelfDescribingJson object at 0x00000202C2730390>]}


============================== 12:07:58.322277 | a9675684-3332-4284-9d8a-eedd48894272 ==============================
[0m12:07:58.322277 [info ] [MainThread]: Running with dbt=1.11.2
[0m12:07:58.323277 [debug] [MainThread]: running dbt with arguments {'static_parser': 'True', 'no_print': 'None', 'version_check': 'True', 'target_path': 'None', 'warn_error_options': 'WarnErrorOptionsV2(error=[], warn=[], silence=[])', 'printer_width': '80', 'write_json': 'True', 'empty': 'None', 'log_cache_events': 'False', 'introspect': 'True', 'cache_selected_only': 'False', 'fail_fast': 'False', 'debug': 'False', 'log_format': 'default', 'profiles_dir': 'C:\\Users\\vishn\\.dbt', 'send_anonymous_usage_stats': 'True', 'quiet': 'False', 'warn_error': 'None', 'partial_parse': 'True', 'indirect_selection': 'eager', 'invocation_command': 'dbt debug', 'use_colors': 'True', 'use_experimental_parser': 'False', 'log_path': 'logs'}
[0m12:07:58.456349 [info ] [MainThread]: dbt version: 1.11.2
[0m12:07:58.457709 [info ] [MainThread]: python version: 3.11.9
[0m12:07:58.458720 [info ] [MainThread]: python path: D:\Airbnb_DBT\course\.venv\Scripts\python.exe
[0m12:07:58.459766 [info ] [MainThread]: os info: Windows-10-10.0.26200-SP0
[0m12:07:58.460719 [info ] [MainThread]: Using profiles dir at C:\Users\vishn\.dbt
[0m12:07:58.460719 [info ] [MainThread]: Using profiles.yml file at C:\Users\vishn\.dbt\profiles.yml
[0m12:07:58.461761 [info ] [MainThread]: Using dbt_project.yml file at D:\Airbnb_DBT\course\dbt_project.yml
[0m12:07:58.462719 [info ] [MainThread]: Configuration:
[0m12:07:58.463721 [info ] [MainThread]:   profiles.yml file [[31mERROR not found[0m]
[0m12:07:58.464719 [info ] [MainThread]:   dbt_project.yml file [[31mERROR not found[0m]
[0m12:07:58.464719 [info ] [MainThread]: Required dependencies:
[0m12:07:58.465721 [debug] [MainThread]: Executing "git --help"
[0m12:07:58.535925 [debug] [MainThread]: STDOUT: "b"usage: git [-v | --version] [-h | --help] [-C <path>] [-c <name>=<value>]\n           [--exec-path[=<path>]] [--html-path] [--man-path] [--info-path]\n           [-p | --paginate | -P | --no-pager] [--no-replace-objects] [--no-lazy-fetch]\n           [--no-optional-locks] [--no-advice] [--bare] [--git-dir=<path>]\n           [--work-tree=<path>] [--namespace=<name>] [--config-env=<name>=<envvar>]\n           <command> [<args>]\n\nThese are common Git commands used in various situations:\n\nstart a working area (see also: git help tutorial)\n   clone      Clone a repository into a new directory\n   init       Create an empty Git repository or reinitialize an existing one\n\nwork on the current change (see also: git help everyday)\n   add        Add file contents to the index\n   mv         Move or rename a file, a directory, or a symlink\n   restore    Restore working tree files\n   rm         Remove files from the working tree and from the index\n\nexamine the history and state (see also: git help revisions)\n   bisect     Use binary search to find the commit that introduced a bug\n   diff       Show changes between commits, commit and working tree, etc\n   grep       Print lines matching a pattern\n   log        Show commit logs\n   show       Show various types of objects\n   status     Show the working tree status\n\ngrow, mark and tweak your common history\n   backfill   Download missing objects in a partial clone\n   branch     List, create, or delete branches\n   commit     Record changes to the repository\n   merge      Join two or more development histories together\n   rebase     Reapply commits on top of another base tip\n   reset      Reset current HEAD to the specified state\n   switch     Switch branches\n   tag        Create, list, delete or verify tags\n\ncollaborate (see also: git help workflows)\n   fetch      Download objects and refs from another repository\n   pull       Fetch from and integrate with another repository or a local branch\n   push       Update remote refs along with associated objects\n\n'git help -a' and 'git help -g' list available subcommands and some\nconcept guides. See 'git help <command>' or 'git help <concept>'\nto read about a specific subcommand or concept.\nSee 'git help git' for an overview of the system.\n""
[0m12:07:58.535925 [debug] [MainThread]: STDERR: "b''"
[0m12:07:58.537430 [info ] [MainThread]:  - git [[32mOK found[0m]

[0m12:07:58.538068 [info ] [MainThread]: Connection test skipped since no profile was found
[0m12:07:58.539076 [info ] [MainThread]: [31m2 checks failed:[0m
[0m12:07:58.539798 [info ] [MainThread]: dbt looked for a profiles.yml file in C:\Users\vishn\.dbt\profiles.yml, but did
not find one. For more information on configuring your profile, consult the
documentation:

https://docs.getdbt.com/docs/configure-your-profile


[0m12:07:58.540806 [info ] [MainThread]: Project loading failed for the following reason:
 project path <D:\Airbnb_DBT\course\dbt_project.yml> not found

[0m12:07:58.541807 [debug] [MainThread]: Command `dbt debug` failed at 12:07:58.541807 after 0.36 seconds
[0m12:07:58.542840 [debug] [MainThread]: Sending event: {'category': 'dbt', 'action': 'invocation', 'label': 'end', 'context': [<snowplow_tracker.self_describing_json.SelfDescribingJson object at 0x00000202C2732790>, <snowplow_tracker.self_describing_json.SelfDescribingJson object at 0x00000202C244D710>, <snowplow_tracker.self_describing_json.SelfDescribingJson object at 0x00000202C26A6890>]}
[0m12:07:58.543805 [debug] [MainThread]: Flushing usage events
[0m12:07:59.095034 [debug] [MainThread]: An error was encountered while trying to flush usage events
[0m10:06:42.719834 [debug] [MainThread]: Sending event: {'category': 'dbt', 'action': 'invocation', 'label': 'start', 'context': [<snowplow_tracker.self_describing_json.SelfDescribingJson object at 0x00000215CC675510>, <snowplow_tracker.self_describing_json.SelfDescribingJson object at 0x00000215CFE71050>, <snowplow_tracker.self_describing_json.SelfDescribingJson object at 0x00000215CFEED110>]}


============================== 10:06:42.748149 | 0e360a2d-b37e-4d6f-bc9c-0205e599f1a2 ==============================
[0m10:06:42.748149 [info ] [MainThread]: Running with dbt=1.11.2
[0m10:06:42.750146 [debug] [MainThread]: running dbt with arguments {'version_check': 'True', 'no_print': 'None', 'static_parser': 'True', 'target_path': 'None', 'warn_error_options': 'WarnErrorOptionsV2(error=[], warn=[], silence=[])', 'printer_width': '80', 'write_json': 'True', 'empty': 'False', 'log_cache_events': 'False', 'introspect': 'True', 'cache_selected_only': 'False', 'log_format': 'default', 'debug': 'False', 'fail_fast': 'False', 'partial_parse': 'True', 'send_anonymous_usage_stats': 'True', 'quiet': 'False', 'warn_error': 'None', 'profiles_dir': 'C:\\Users\\vishn\\.dbt', 'invocation_command': 'dbt run', 'use_colors': 'True', 'indirect_selection': 'eager', 'use_experimental_parser': 'False', 'log_path': 'logs'}
[0m10:06:42.751147 [error] [MainThread]: Encountered an error:
Runtime Error
  No dbt_project.yml found at expected path D:\airbnb\course\dbt_project.yml
  Verify that each entry within packages.yml (and their transitive dependencies) contains a file named dbt_project.yml
  
[0m10:06:42.752151 [debug] [MainThread]: Command `dbt run` failed at 10:06:42.752151 after 0.18 seconds
[0m10:06:42.753151 [debug] [MainThread]: Sending event: {'category': 'dbt', 'action': 'invocation', 'label': 'end', 'context': [<snowplow_tracker.self_describing_json.SelfDescribingJson object at 0x00000215C90DED90>, <snowplow_tracker.self_describing_json.SelfDescribingJson object at 0x00000215CFE63AD0>, <snowplow_tracker.self_describing_json.SelfDescribingJson object at 0x00000215CFE62850>]}
[0m10:06:42.754151 [debug] [MainThread]: Flushing usage events
[0m10:06:43.377356 [debug] [MainThread]: An error was encountered while trying to flush usage events
[0m10:07:16.383506 [debug] [MainThread]: Sending event: {'category': 'dbt', 'action': 'invocation', 'label': 'start', 'context': [<snowplow_tracker.self_describing_json.SelfDescribingJson object at 0x0000025E41454490>, <snowplow_tracker.self_describing_json.SelfDescribingJson object at 0x0000025E4046CD50>, <snowplow_tracker.self_describing_json.SelfDescribingJson object at 0x0000025E4046D2D0>]}


============================== 10:07:16.389094 | 38118319-de51-4476-acfb-a36e3bf6f0e5 ==============================
[0m10:07:16.389094 [info ] [MainThread]: Running with dbt=1.11.2
[0m10:07:16.390056 [debug] [MainThread]: running dbt with arguments {'static_parser': 'True', 'no_print': 'None', 'version_check': 'True', 'target_path': 'None', 'warn_error_options': 'WarnErrorOptionsV2(error=[], warn=[], silence=[])', 'printer_width': '80', 'write_json': 'True', 'empty': 'False', 'log_cache_events': 'False', 'introspect': 'True', 'cache_selected_only': 'False', 'fail_fast': 'False', 'debug': 'False', 'log_format': 'default', 'partial_parse': 'True', 'send_anonymous_usage_stats': 'True', 'quiet': 'False', 'warn_error': 'None', 'profiles_dir': 'C:\\Users\\vishn\\.dbt', 'indirect_selection': 'eager', 'use_colors': 'True', 'invocation_command': 'dbt compile', 'use_experimental_parser': 'False', 'log_path': 'logs'}
[0m10:07:16.481193 [error] [MainThread]: Encountered an error:
Runtime Error
  No dbt_project.yml found at expected path D:\airbnb\course\dbt_project.yml
  Verify that each entry within packages.yml (and their transitive dependencies) contains a file named dbt_project.yml
  
[0m10:07:16.483192 [debug] [MainThread]: Command `dbt compile` failed at 10:07:16.483192 after 0.23 seconds
[0m10:07:16.483192 [debug] [MainThread]: Sending event: {'category': 'dbt', 'action': 'invocation', 'label': 'end', 'context': [<snowplow_tracker.self_describing_json.SelfDescribingJson object at 0x0000025E4046D150>, <snowplow_tracker.self_describing_json.SelfDescribingJson object at 0x0000025E403E3610>, <snowplow_tracker.self_describing_json.SelfDescribingJson object at 0x0000025E403E2710>]}
[0m10:07:16.484696 [debug] [MainThread]: Flushing usage events
[0m10:07:17.064799 [debug] [MainThread]: An error was encountered while trying to flush usage events
[0m10:08:51.403345 [debug] [MainThread]: Sending event: {'category': 'dbt', 'action': 'invocation', 'label': 'start', 'context': [<snowplow_tracker.self_describing_json.SelfDescribingJson object at 0x000001A4359F2A90>, <snowplow_tracker.self_describing_json.SelfDescribingJson object at 0x000001A4359F2AD0>, <snowplow_tracker.self_describing_json.SelfDescribingJson object at 0x000001A4359F3B10>]}


============================== 10:08:51.408345 | e3bb323e-1072-40bd-8185-7503491fa63b ==============================
[0m10:08:51.408345 [info ] [MainThread]: Running with dbt=1.11.2
[0m10:08:51.409344 [debug] [MainThread]: running dbt with arguments {'static_parser': 'True', 'no_print': 'None', 'version_check': 'True', 'target_path': 'None', 'warn_error_options': 'WarnErrorOptionsV2(error=[], warn=[], silence=[])', 'printer_width': '80', 'write_json': 'True', 'empty': 'False', 'log_cache_events': 'False', 'introspect': 'True', 'cache_selected_only': 'False', 'fail_fast': 'False', 'debug': 'False', 'log_format': 'default', 'profiles_dir': 'C:\\Users\\vishn\\.dbt', 'send_anonymous_usage_stats': 'True', 'quiet': 'False', 'warn_error': 'None', 'partial_parse': 'True', 'indirect_selection': 'eager', 'use_colors': 'True', 'invocation_command': 'dbt run', 'use_experimental_parser': 'False', 'log_path': 'logs'}
[0m10:08:51.410343 [error] [MainThread]: Encountered an error:
Runtime Error
  No dbt_project.yml found at expected path D:\airbnb\course\dbt_project.yml
  Verify that each entry within packages.yml (and their transitive dependencies) contains a file named dbt_project.yml
  
[0m10:08:51.411343 [debug] [MainThread]: Command `dbt run` failed at 10:08:51.411343 after 0.13 seconds
[0m10:08:51.412342 [debug] [MainThread]: Sending event: {'category': 'dbt', 'action': 'invocation', 'label': 'end', 'context': [<snowplow_tracker.self_describing_json.SelfDescribingJson object at 0x000001A42EC5EC10>, <snowplow_tracker.self_describing_json.SelfDescribingJson object at 0x000001A42EC5EA50>, <snowplow_tracker.self_describing_json.SelfDescribingJson object at 0x000001A435A7DB50>]}
[0m10:08:51.413345 [debug] [MainThread]: Flushing usage events
[0m10:08:51.939777 [debug] [MainThread]: An error was encountered while trying to flush usage events
